UG to STEP
! INFO-     NX STEP AP214 - V7.5
! INFO-      
! INFO-     Start of Translation: 28-JAN-2013  12:23:02 PM
! INFO-      
! STATUS-   Converting Part: C:\Users\Cesar\Documents\My Dropbox\Eindwerk Probo\Skelet\Skelet v2\Skelet.prt
! SUMMARY-   
! SUMMARY-  Summary of Unigraphics Part Entities
! SUMMARY-  For Part: C:\Users\Cesar\Documents\My Dropbox\Eindwerk Probo\Skelet\Skelet v2\Skelet.prt 
! SUMMARY-  Entities Processed             Count
! SUMMARY-  ------------------             -----
! SUMMARY-  Part Attribute ..............:     1
! SUMMARY-  Font ........................:     1
! SUMMARY-  Color Table .................:     2
! SUMMARY-  Coordinate System ...........:    13
! SUMMARY-  Parameter ...................:     1
! SUMMARY-  Matrix ......................:     1
! SUMMARY-  Solid .......................:
! SUMMARY-     Body .....................:    12
! SUMMARY-                                 -----
! SUMMARY-  Total                             31
! STATUS-    
! STATUS-   Converting to Output Form (Phase 2 of 3): 28-JAN-2013 12:23:03 PM
! STATUS-    
! STATUS-    
! STATUS-   Generating UG geometry and placing them in parts
! STATUS-    
! SUMMARY-   
! SUMMARY-    STEP Header Information
! SUMMARY-   
! SUMMARY-  Description      Unknown
! SUMMARY-  Imp_Level        1
! SUMMARY-  File_Name        Skelet.stp
! SUMMARY-  Date             2013-01-28T12:23:03+01:00
! SUMMARY-  Author           Unknown
! SUMMARY-  Organization     Unknown
! SUMMARY-  Pre_Version      ST-DEVELOPER v11
! SUMMARY-  Orig_System      SIEMENS PLM Software NX 7.5
! SUMMARY-  Authorization    Unknown
! SUMMARY-   
! SUMMARY-    Summary of STEP Entities
! SUMMARY-   
! SUMMARY-  Entity Type                                                   Count
! SUMMARY-  -----------                                                   ------
! SUMMARY-  advanced_brep_shape_representation .........................:      1
! SUMMARY-  advanced_face ..............................................:    618
! SUMMARY-  application_context ........................................:      1
! SUMMARY-  application_protocol_definition ............................:      1
! SUMMARY-  axis2_placement_3d .........................................:    629
! SUMMARY-  b_spline_curve_with_knots ..................................:    125
! SUMMARY-  b_spline_surface_with_knots ................................:     11
! SUMMARY-  cartesian_point ............................................:  77435
! SUMMARY-  circle .....................................................:     50
! SUMMARY-  closed_shell ...............................................:     12
! SUMMARY-  conversion_based_unit_and_plane_angle_unit .................:      1
! SUMMARY-  cylindrical_surface ........................................:     25
! SUMMARY-  dimensional_exponents ......................................:      1
! SUMMARY-  direction ..................................................:   2922
! SUMMARY-  edge_curve .................................................:   1781
! SUMMARY-  edge_loop ..................................................:    697
! SUMMARY-  face_bound .................................................:     98
! SUMMARY-  face_outer_bound ...........................................:    599
! SUMMARY-  geometric_representation_context_and_global_uncertainty_a ..:      1
! SUMMARY-  length_unit_and_si_unit ....................................:      1
! SUMMARY-  line .......................................................:   1635
! SUMMARY-  manifold_solid_brep ........................................:     12
! SUMMARY-  oriented_edge ..............................................:   3562
! SUMMARY-  plane ......................................................:    553
! SUMMARY-  plane_angle_measure_with_unit ..............................:      1
! SUMMARY-  plane_angle_unit_and_si_unit ...............................:      1
! SUMMARY-  product ....................................................:      1
! SUMMARY-  product_context ............................................:      1
! SUMMARY-  product_definition .........................................:      1
! SUMMARY-  product_definition_context .................................:      1
! SUMMARY-  product_definition_formation_with_specified_source .........:      1
! SUMMARY-  product_definition_shape ...................................:      1
! SUMMARY-  product_related_product_category ...........................:      1
! SUMMARY-  shape_definition_representation ............................:      1
! SUMMARY-  shape_representation .......................................:      1
! SUMMARY-  shape_representation_relationship ..........................:      1
! SUMMARY-  si_unit_and_solid_angle_unit ...............................:      1
! SUMMARY-  surface_of_linear_extrusion ................................:     29
! SUMMARY-  uncertainty_measure_with_unit ..............................:      1
! SUMMARY-  vector .....................................................:   1664
! SUMMARY-  vertex_point ...............................................:   1192
! SUMMARY-                                                               -------
! SUMMARY-  Total                                                          93670
! INFO-      
! INFO-     User interface/default file
! INFO-     Bspline aprx. value in effect for this translation : 2.540000e-002 mm
! INFO-      
! INFO-     Total number of solids input for this translation  :      12
! INFO-      
! INFO-     Number of solids processed without problems        :      12
! INFO-      
! INFO-     Number of solids with problems output as sheets    :       0
! INFO-      
! INFO-     Number of solids not processed                     :       0
! INFO-      
! INFO-     End of Translation: 28-JAN-2013  12:23:04 PM
! INFO-      
