STEP to UG
! INFO-     NX STEP AP203 - V7.5
! INFO-      
! INFO-     Start of Translation: 4-JUN-2012  1:22:49 PM
! INFO-      
! STATUS-   Converting Part: C:\Users\Cesar\Documents\My Dropbox\Eindwerk Probo\Skelet\Skelet v2\Skin voor NX.stp
! INFO-      
! INFO-     No solids in STEP file. 
! INFO-     Available surface and wireframe data will be imported. 
! INFO-      
! SUMMARY-   
! SUMMARY-    STEP Header Information
! SUMMARY-   
! SUMMARY-  Description      Unknown
! SUMMARY-  Imp_Level        2;1
! SUMMARY-  File_Name        Skin voor NX
! SUMMARY-  Date             2012-06-04T13:22:20+02:00
! SUMMARY-  Author           Unknown
! SUMMARY-  Organization     Unknown
! SUMMARY-  Pre_Version      ST-DEVELOPER v10
! SUMMARY-  Orig_System      Unknown
! SUMMARY-  Authorization    Unknown
! SUMMARY-  Schema_ID        automotive_design
! SUMMARY-   
! SUMMARY-    Summary of STEP Entities
! SUMMARY-   
! SUMMARY-  Entity Type                                                   Count
! SUMMARY-  -----------                                                   ------
! SUMMARY-  advanced_face ..............................................:     37
! SUMMARY-  application_context ........................................:      1
! SUMMARY-  application_protocol_definition ............................:      1
! SUMMARY-  axis2_placement_3d .........................................:      7
! SUMMARY-  b_spline_curve_with_knots ..................................:    135
! SUMMARY-  b_spline_curve_with_knots_and_rational_b_spline_curve ......:     14
! SUMMARY-  b_spline_surface_with_knots ................................:     22
! SUMMARY-  b_spline_surface_with_knots_and_rational_b_spline_surface ..:     10
! SUMMARY-  cartesian_point ............................................:   9899
! SUMMARY-  conversion_based_unit_and_plane_angle_unit .................:      1
! SUMMARY-  dimensional_exponents ......................................:      1
! SUMMARY-  direction ..................................................:      9
! SUMMARY-  edge_curve .................................................:    149
! SUMMARY-  edge_loop ..................................................:     37
! SUMMARY-  face_outer_bound ...........................................:     37
! SUMMARY-  geometric_representation_context_and_global_uncertainty_a ..:      1
! SUMMARY-  length_unit_and_si_unit ....................................:      1
! SUMMARY-  manifold_surface_shape_representation ......................:      1
! SUMMARY-  open_shell .................................................:     25
! SUMMARY-  oriented_edge ..............................................:    176
! SUMMARY-  plane ......................................................:      5
! SUMMARY-  plane_angle_measure_with_unit ..............................:      1
! SUMMARY-  plane_angle_unit_and_si_unit ...............................:      1
! SUMMARY-  product ....................................................:      1
! SUMMARY-  product_context ............................................:      1
! SUMMARY-  product_definition .........................................:      1
! SUMMARY-  product_definition_context .................................:      1
! SUMMARY-  product_definition_formation_with_specified_source .........:      1
! SUMMARY-  product_definition_shape ...................................:      1
! SUMMARY-  product_related_product_category ...........................:      1
! SUMMARY-  shape_definition_representation ............................:      1
! SUMMARY-  shape_representation .......................................:      1
! SUMMARY-  shape_representation_relationship ..........................:      1
! SUMMARY-  shell_based_surface_model ..................................:     25
! SUMMARY-  si_unit_and_solid_angle_unit ...............................:      1
! SUMMARY-  uncertainty_measure_with_unit ..............................:      1
! SUMMARY-  vertex_point ...............................................:    127
! SUMMARY-                                                               -------
! SUMMARY-  Total                                                          10735
! STATUS-    
! STATUS-   Converting to Output Form (Phase 2 of 3): 4-JUN-2012 1:22:49 PM
! STATUS-    
! INFO-     CV : STEP Ent Id        296 violates STEP standard
! INFO-     At least one entity in this STEP file has an invalid name attribute. 
! INFO-      
! STATUS-    
! STATUS-   Generating UG geometry and placing them in parts
! STATUS-    
! STATUS-   Creating the UG part (Phase 3 of 3): 4-JUN-2012  1:22:50 PM
! STATUS-    
! STATUS-   Creating UG sheet body from Input Ent Id 271
! STATUS-    
! STATUS-   fixing vertex off curve and/or edge reversed faults
! STATUS-    
! STATUS-   fixing vertex and/or edge off surface faults
! STATUS-    
! STATUS-   simplifying Bsplines to analytics
! STATUS-    
! STATUS-   converting tolerant edges into exact edges
! STATUS-    
! STATUS-   doing final check of body to report any faults
! STATUS-    
! STATUS-    
! STATUS-   Creating UG sheet body from Input Ent Id 272
! STATUS-    
! STATUS-   simplifying Bsplines to analytics
! STATUS-    
! STATUS-   converting tolerant edges into exact edges
! STATUS-    
! STATUS-   doing final check of body to report any faults
! STATUS-    
! STATUS-    
! STATUS-   Creating UG sheet body from Input Ent Id 273
! STATUS-    
! STATUS-   fixing vertex and/or edge off surface faults
! STATUS-    
! STATUS-   simplifying Bsplines to analytics
! STATUS-    
! STATUS-   converting tolerant edges into exact edges
! STATUS-    
! STATUS-   doing final check of body to report any faults
! STATUS-    
! STATUS-    
! STATUS-   Creating UG sheet body from Input Ent Id 274
! STATUS-    
! STATUS-   simplifying Bsplines to analytics
! STATUS-    
! STATUS-   converting tolerant edges into exact edges
! STATUS-    
! STATUS-   doing final check of body to report any faults
! STATUS-    
! STATUS-    
! STATUS-   Creating UG sheet body from Input Ent Id 275
! STATUS-    
! STATUS-   simplifying Bsplines to analytics
! STATUS-    
! STATUS-   converting tolerant edges into exact edges
! STATUS-    
! STATUS-   doing final check of body to report any faults
! STATUS-    
! STATUS-    
! STATUS-   Creating UG sheet body from Input Ent Id 276
! STATUS-    
! STATUS-   fixing vertex and/or edge off surface faults
! STATUS-    
! STATUS-   simplifying Bsplines to analytics
! STATUS-    
! STATUS-   converting tolerant edges into exact edges
! STATUS-    
! STATUS-   doing final check of body to report any faults
! STATUS-    
! STATUS-    
! STATUS-   Creating UG sheet body from Input Ent Id 277
! STATUS-    
! STATUS-   fixing vertex and/or edge off surface faults
! STATUS-    
! STATUS-   simplifying Bsplines to analytics
! STATUS-    
! STATUS-   converting tolerant edges into exact edges
! STATUS-    
! STATUS-   doing final check of body to report any faults
! STATUS-    
! STATUS-    
! STATUS-   Creating UG sheet body from Input Ent Id 278
! STATUS-    
! STATUS-   fixing vertex and/or edge off surface faults
! STATUS-    
! STATUS-   simplifying Bsplines to analytics
! STATUS-    
! STATUS-   converting tolerant edges into exact edges
! STATUS-    
! STATUS-   doing final check of body to report any faults
! STATUS-    
! STATUS-    
! STATUS-   Creating UG sheet body from Input Ent Id 279
! STATUS-    
! STATUS-   fixing vertex and/or edge off surface faults
! STATUS-    
! STATUS-   simplifying Bsplines to analytics
! STATUS-    
! STATUS-   converting tolerant edges into exact edges
! STATUS-    
! STATUS-   doing final check of body to report any faults
! STATUS-    
! STATUS-    
! STATUS-   Creating UG sheet body from Input Ent Id 280
! STATUS-    
! STATUS-   fixing vertex and/or edge off surface faults
! STATUS-    
! STATUS-   simplifying Bsplines to analytics
! STATUS-    
! STATUS-   converting tolerant edges into exact edges
! STATUS-    
! STATUS-   doing final check of body to report any faults
! STATUS-    
! STATUS-    
! STATUS-   Creating UG sheet body from Input Ent Id 281
! STATUS-    
! STATUS-   fixing vertex and/or edge off surface faults
! STATUS-    
! STATUS-   simplifying Bsplines to analytics
! STATUS-    
! STATUS-   converting tolerant edges into exact edges
! STATUS-    
! STATUS-   doing final check of body to report any faults
! STATUS-    
! STATUS-    
! STATUS-   Creating UG sheet body from Input Ent Id 282
! STATUS-    
! STATUS-   fixing vertex and/or edge off surface faults
! STATUS-    
! STATUS-   simplifying Bsplines to analytics
! STATUS-    
! STATUS-   converting tolerant edges into exact edges
! STATUS-    
! STATUS-   doing final check of body to report any faults
! STATUS-    
! STATUS-    
! STATUS-   Creating UG sheet body from Input Ent Id 283
! STATUS-    
! STATUS-   fixing vertex and/or edge off surface faults
! STATUS-    
! STATUS-   simplifying Bsplines to analytics
! STATUS-    
! STATUS-   converting tolerant edges into exact edges
! STATUS-    
! STATUS-   doing final check of body to report any faults
! STATUS-    
! STATUS-    
! STATUS-   Creating UG sheet body from Input Ent Id 284
! STATUS-    
! STATUS-   fixing vertex off curve and/or edge reversed faults
! STATUS-    
! STATUS-   fixing vertex and/or edge off surface faults
! STATUS-    
! STATUS-   simplifying Bsplines to analytics
! STATUS-    
! STATUS-   converting tolerant edges into exact edges
! STATUS-    
! STATUS-   doing final check of body to report any faults
! STATUS-    
! STATUS-    
! STATUS-   Creating UG sheet body from Input Ent Id 285
! STATUS-    
! STATUS-   simplifying Bsplines to analytics
! STATUS-    
! STATUS-   converting tolerant edges into exact edges
! STATUS-    
! STATUS-   doing final check of body to report any faults
! STATUS-    
! STATUS-    
! STATUS-   Creating UG sheet body from Input Ent Id 286
! STATUS-    
! STATUS-   simplifying Bsplines to analytics
! STATUS-    
! STATUS-   converting tolerant edges into exact edges
! STATUS-    
! STATUS-   doing final check of body to report any faults
! STATUS-    
! STATUS-    
! STATUS-   Creating UG sheet body from Input Ent Id 287
! STATUS-    
! STATUS-   simplifying Bsplines to analytics
! STATUS-    
! STATUS-   converting tolerant edges into exact edges
! STATUS-    
! STATUS-   doing final check of body to report any faults
! STATUS-    
! STATUS-    
! STATUS-   Creating UG sheet body from Input Ent Id 288
! STATUS-    
! STATUS-   simplifying Bsplines to analytics
! STATUS-    
! STATUS-   converting tolerant edges into exact edges
! STATUS-    
! STATUS-   doing final check of body to report any faults
! STATUS-    
! STATUS-    
! STATUS-   Creating UG sheet body from Input Ent Id 289
! STATUS-    
! STATUS-   simplifying Bsplines to analytics
! STATUS-    
! STATUS-   converting tolerant edges into exact edges
! STATUS-    
! STATUS-   doing final check of body to report any faults
! STATUS-    
! STATUS-    
! STATUS-   Creating UG sheet body from Input Ent Id 290
! STATUS-    
! STATUS-   simplifying Bsplines to analytics
! STATUS-    
! STATUS-   converting tolerant edges into exact edges
! STATUS-    
! STATUS-   doing final check of body to report any faults
! STATUS-    
! STATUS-    
! STATUS-   Creating UG sheet body from Input Ent Id 291
! STATUS-    
! STATUS-   fixing vertex and/or edge off surface faults
! STATUS-    
! STATUS-   simplifying Bsplines to analytics
! STATUS-    
! STATUS-   converting tolerant edges into exact edges
! STATUS-    
! STATUS-   doing final check of body to report any faults
! STATUS-    
! STATUS-    
! STATUS-   Creating UG sheet body from Input Ent Id 292
! STATUS-    
! STATUS-   fixing vertex off curve and/or edge reversed faults
! STATUS-    
! STATUS-   fixing vertex and/or edge off surface faults
! STATUS-    
! STATUS-   simplifying Bsplines to analytics
! STATUS-    
! STATUS-   converting tolerant edges into exact edges
! STATUS-    
! STATUS-   doing final check of body to report any faults
! STATUS-    
! STATUS-    
! STATUS-   Creating UG sheet body from Input Ent Id 293
! STATUS-    
! STATUS-   fixing vertex and/or edge off surface faults
! STATUS-    
! STATUS-   simplifying Bsplines to analytics
! STATUS-    
! STATUS-   converting tolerant edges into exact edges
! STATUS-    
! STATUS-   doing final check of body to report any faults
! STATUS-    
! STATUS-    
! STATUS-   Creating UG sheet body from Input Ent Id 294
! STATUS-    
! STATUS-   fixing vertex off curve and/or edge reversed faults
! STATUS-    
! STATUS-   fixing vertex and/or edge off surface faults
! STATUS-    
! STATUS-   simplifying Bsplines to analytics
! STATUS-    
! STATUS-   converting tolerant edges into exact edges
! STATUS-    
! STATUS-   doing final check of body to report any faults
! STATUS-    
! STATUS-    
! STATUS-   Creating UG sheet body from Input Ent Id 295
! STATUS-    
! STATUS-   fixing vertex and/or edge off surface faults
! STATUS-    
! STATUS-   simplifying Bsplines to analytics
! STATUS-    
! STATUS-   converting tolerant edges into exact edges
! STATUS-    
! STATUS-   doing final check of body to report any faults
! STATUS-    
! INFO-     Filing Part ..: C:\Users\Cesar\Documents\My Dropbox\Eindwerk Probo\Skelet\Skelet v2\Skin voor NX_stp.prt
! SUMMARY-   
! SUMMARY-  Summary of Unigraphics Part Entities
! SUMMARY-   
! SUMMARY-  Entities Processed             Count
! SUMMARY-  ------------------             -----
! SUMMARY-  Reference Set ...............:     1
! SUMMARY-  Solid .......................:    25
! SUMMARY-                                 -----
! SUMMARY-  Total                             26
! INFO-      
! INFO-     Total number of solids input for this translation       :         0
! INFO-      
! INFO-     Number of solids created without body validation faults :         0
! INFO-      
! INFO-     Number of solids created with body validation fault(s)  :         0
! INFO-      
! INFO-     Number of solids ending up as sheet bodies              :         0
! INFO-      
! INFO-     End of Translation: 4-JUN-2012  1:22:55 PM
! INFO-      
