UG to STEP
! INFO-     Renaming Log File to C:\Users\Cesar\Documents\My Dropbox\Eindwerk Probo\Electronica mount\Electronica mount v1\Drager.log
UG to STEP
! INFO-     Renaming Log File to C:\Users\Cesar\Documents\My Dropbox\Eindwerk Probo\Wenkbrauw module\Wenkbrauw laser.log
UG to STEP
! INFO-     Renaming Log File to C:\Users\Cesar\Documents\My Dropbox\Eindwerk Probo\Mond module\Mond v1\Mond laser.log
UG to STEP
! INFO-     Renaming Log File to C:\Users\Cesar\Documents\My Dropbox\Eindwerk Probo\Oog module\Oog v7\Oog laser.log
UG to STEP
! INFO-     Renaming Log File to C:\Users\Cesar\Documents\My Dropbox\Eindwerk Probo\Oog module\Oog v7\Oog laser.log
UG to STEP
! INFO-     Renaming Log File to C:\Users\Cesar\Documents\My Dropbox\Eindwerk Probo\Skelet\Skelet v2\Skelet met features.log
UG to STEP
! INFO-     Renaming Log File to C:\Users\Cesar\Desktop\Wenkbrauw.log
UG to STEP
! INFO-     Renaming Log File to C:\Users\Cesar\Desktop\Mond.log
UG to STEP
! INFO-     Renaming Log File to C:\Users\Cesar\Desktop\Oog.log
UG to STEP
! INFO-     Renaming Log File to C:\Users\Cesar\Documents\My Dropbox\Eindwerk Probo\Wenkbrauw module\Wenkbrauw v1\Wenkbrauw laser.log
UG to STEP
! INFO-     Renaming Log File to C:\Users\Cesar\Documents\My Dropbox\Eindwerk Probo\Skelet\Skelet v2\Skelet.log
